<?xml version="1.0" encoding="UTF-8"?>
<testng-results ignored="0" total="1" passed="1" failed="0" skipped="0">
  <reporter-output>
  </reporter-output>
  <suite started-at="2022-10-26T04:09:26 EDT" name="AmazonRegression" finished-at="2022-10-26T04:10:07 EDT" duration-ms="41203">
    <groups>
    </groups>
    <test started-at="2022-10-26T04:09:26 EDT" name="EAL" finished-at="2022-10-26T04:10:07 EDT" duration-ms="41203">
      <class name="TestClasses.AmazonToPurchase">
        <test-method is-config="true" signature="beforeClass(java.lang.String,java.lang.String)[pri:0, instance:TestClasses.AmazonToPurchase@72e5a8e]" started-at="2022-10-26T04:09:26 EDT" name="beforeClass" finished-at="2022-10-26T04:09:34 EDT" duration-ms="8218" status="PASS">
          <params>
            <param index="0">
              <value>
                <![CDATA[Chrome]]>
              </value>
            </param>
            <param index="1">
              <value>
                <![CDATA[https://www.amazton.com/]]>
              </value>
            </param>
          </params>
          <reporter-output>
          </reporter-output>
        </test-method> <!-- beforeClass -->
        <test-method signature="functions()[pri:0, instance:TestClasses.AmazonToPurchase@72e5a8e]" started-at="2022-10-26T04:09:34 EDT" name="functions" finished-at="2022-10-26T04:10:07 EDT" duration-ms="32762" status="PASS">
          <reporter-output>
          </reporter-output>
        </test-method> <!-- functions -->
        <test-method is-config="true" signature="afterClass()[pri:0, instance:TestClasses.AmazonToPurchase@72e5a8e]" started-at="2022-10-26T04:10:07 EDT" name="afterClass" finished-at="2022-10-26T04:10:07 EDT" duration-ms="0" status="PASS">
          <reporter-output>
          </reporter-output>
        </test-method> <!-- afterClass -->
      </class> <!-- TestClasses.AmazonToPurchase -->
    </test> <!-- EAL -->
  </suite> <!-- AmazonRegression -->
</testng-results>
